MPEG VMESH version 58065ac+dirty
+ Configuration parameters
    fnum    : 1
    rnum    : 1
    source  : "levi_voxelized_r0.03/levi_fr0001_qp12_qt13.obj_decimated_tex.obj"
    target  : "levi_voxelized_r0.03/levi_fr0001_qp12_qt13.obj_reference.obj"
    mtarget : ""
    mapped  : "levi_voxelized_r0.03/levi_fr0001_qp12_qt13.obj_mapped.obj"
    subdiv0 : ""
    base    : "levi_voxelized_r0.03_ai/levi_fr0001_qp12_qt13.obj_base.obj"
    subdiv  : "levi_voxelized_r0.03_ai/levi_fr0001_qp12_qt13.obj_subdiv.obj"
    nsubdiv : "levi_voxelized_r0.03_ai/levi_fr0001_qp12_qt13.obj_nsubdiv.obj"
    sdeform             : 1
    it                  : 3
    forceNormalDisp     : 0
    unifyVertices       : 1
    deformNNCount       : 1
    deformNormalThres   : -2
    sampIt              : 3
    fitIt               : 16
    smoothCoeff         : 0.25
    smoothDecay         : 0.75
    smoothMissedCoeff   : 0.1
    smoothMissedIt      : 10
    smoothMethod        : 1 (Vertex constraint)
    deformUpdateNormals : 1
    deformFlipThres     : -2
    useInitialGeom      : 1
    fitSubdiv           : 1
    smoothMotion        : 0

Loading Meshes...  [done]
	 Target mesh: 19995V 40044T
	 Source mesh: 845V 1175T
	 Target modifier mesh: 0V 0T
	 Mapped mesh: 19995V 40044T
Unifying vertices...  [done] 0 ms
	 Unified mesh: 845V 1175T
		 Removed 249 vertices 0 triangles
Subdividing Mesh...
 [done] 8 ms
	 Subdivided mesh: 37647V 75200T
Deforming Mesh...
	 Computing initial deformation...
	 Refining deformation...
	 Iteration 0	 Compute Normals...	 Fitting...	 Updating missed vertices...[0]	 Smoothing[0.25]... done
	 Iteration 1	 Compute Normals...	 Fitting...	 Updating missed vertices...[0]	 Smoothing[0.1875]... done
	 Iteration 2	 Compute Normals...	 Fitting...	 Updating missed vertices...[0]	 Smoothing[0.140625]... done
	 Iteration 3	 Compute Normals...	 Fitting...	 Updating missed vertices...[0]	 Smoothing[0.105469]... done
	 Iteration 4	 Compute Normals...	 Fitting...	 Updating missed vertices...[0]	 Smoothing[0.0791016]... done
	 Iteration 5	 Compute Normals...	 Fitting...	 Updating missed vertices...[0]	 Smoothing[0.0593262]... done
	 Iteration 6	 Compute Normals...	 Fitting...	 Updating missed vertices...[0]	 Smoothing[0.0444946]... done
	 Iteration 7	 Compute Normals...	 Fitting...	 Updating missed vertices...[0]	 Smoothing[0.033371]... done
	 Iteration 8	 Compute Normals...	 Fitting...	 Updating missed vertices...[0]	 Smoothing[0.0250282]... done
	 Iteration 9	 Compute Normals...	 Fitting...	 Updating missed vertices...[0]	 Smoothing[0.0187712]... done
	 Iteration 10	 Compute Normals...	 Fitting...	 Updating missed vertices...[0]	 Smoothing[0.0140784]... done
	 Iteration 11	 Compute Normals...	 Fitting...	 Updating missed vertices...[0]	 Smoothing[0.0105588]... done
	 Iteration 12	 Compute Normals...	 Fitting...	 Updating missed vertices...[0]	 Smoothing[0.00791909]... done
	 Iteration 13	 Compute Normals...	 Fitting...	 Updating missed vertices...[0]	 Smoothing[0.00593932]... done
	 Iteration 14	 Compute Normals...	 Fitting...	 Updating missed vertices...[0]	 Smoothing[0.00445449]... done
	 Iteration 15	 Compute Normals...	 Fitting...	 Updating missed vertices...[0]	 Smoothing[0.00334087]... done
 [done] 2725 ms
Fitting subdiv ...
Subdividing Mesh...
 [done] 5 ms
	 Subdivided mesh: 37647V 75200T
 normal rmse = 3.94595
 tangential rmse = 2.63388
