MPEG VMESH version 58065ac+dirty
+ Configuration parameters
    mode       : 0
    compressed : "levi_voxelized.vmesh"
    imesh  : "/home/library24/PCC/contents/mpeg_vmesh_cfp_v02/contents/voxelized/levi_voxelized/levi_fr%04d_qp12_qt13.obj"
    itex   : "/home/library24/PCC/contents/mpeg_vmesh_cfp_v02/contents/voxelized/levi_voxelized/levi_fr%04d.png"
    base   : "levi_voxelized_r0.03_ai/levi_fr%04d_qp12_qt13.obj_base.obj"
    subdiv : "levi_voxelized_r0.03_ai/levi_fr%04d_qp12_qt13.obj_subdiv.obj"
    recmat                      : "levi_voxelized.vmesh.%04d_encoded.mtl"
    recmesh                     : "levi_voxelized.vmesh.%04d_encoded.obj"
    rectex                      : "levi_voxelized.vmesh.%04d_encoded.png"
    intermediateFilesPathPrefix : ""
    keep                        : 1
    fstart    : 0
    fcount    : 2
    framerate : 30
    gofmax       : 32
    gofstruct    : ""
    it           : 3
    gqp          : 11
    tqp          : 10
    dqp          : 39, 51, 51
    dqb          : 0.3333, 0.333333, 0.333333
    tvqp         : 38
    gdepth       : 12
    tdepth       : 13
    texwidth     : 2048
    texheight    : 2048
    invorient    : 0
    unifvertices : 0
    encdisp      : 1
    enctex       : 1
    normuv       : 0
    gmenc        : "/home/wp21/PCC/ricardj/gitdmc/tmd_v01/build/Release/dependencies/draco/draco_encoder"
    gmdec        : "/home/wp21/PCC/ricardj/gitdmc/tmd_v01/build/Release/dependencies/draco/draco_decoder"
    gvenc        : "/home/wp21/PCC/ricardj/gitdmc/externaltools/hm-16.21+scm-8.8/bin/TAppEncoderStatic"
    gvencconfig  : "/home/wp21/PCC/ricardj/gitdmc/tmd_v01/cfg//hm/ctc-hm-displacements-map-ai-main10.cfg"
    tvenc        : "/home/wp21/PCC/ricardj/gitdmc/externaltools/hm-16.21+scm-8.8/bin/TAppEncoderStatic"
    tvencconfig  : "/home/wp21/PCC/ricardj/gitdmc/tmd_v01/cfg//hm/ctc-hm-texture-ai.cfg"
    csc          : "/home/wp21/PCC/ricardj/gitdmc/externaltools/hdrtools/build/bin/HDRConvert"
    cscencconfig : "/home/wp21/PCC/ricardj/gitdmc/tmd_v01/cfg//hdrconvert/bgr444toyuv420.cfg"
    cscdecconfig : "/home/wp21/PCC/ricardj/gitdmc/tmd_v01/cfg//hdrconvert/yuv420tobgr444.cfg"

loadGroupOfFrames GOF = 0 / 1 
Loading group of frames (0-1) loadGroupOfFrames start Frame 0 Last = 1 count = 2  
..
Encoder options:
  Compression level = 10
  Positions: Quantization = 11 bits
  Texture coordinates: Quantization = 10 bits

Encoded mesh saved to gof_0_fr_0_cmapping.drc (9 ms to encode).

Encoded size = 7218 bytes

Decoded geometry saved to gof_0_fr_0_rmapping.obj (2 ms to decode)
/home/wp21/PCC/ricardj/gitdmc/tmd_v01/build/Release/dependencies/draco/draco_encoder -i gof_0_fr_0_qbase.obj -o gof_0_fr_0_cbase.drc -qp 11 -qt 10 -qn -1 -qg -1 -cl 10 
Encoder options:
  Compression level = 10
  Positions: Quantization = 11 bits
  Texture coordinates: Quantization = 10 bits

Encoded mesh saved to gof_0_fr_0_cbase.drc (5 ms to encode).

Encoded size = 3636 bytes

/home/wp21/PCC/ricardj/gitdmc/tmd_v01/build/Release/dependencies/draco/draco_decoder -i gof_0_fr_0_cbase.drc -o gof_0_fr_0_rbase.obj
Decoded geometry saved to gof_0_fr_0_rbase.obj (2 ms to decode)
Encoder options:
  Compression level = 10
  Positions: Quantization = 11 bits
  Texture coordinates: Quantization = 10 bits

Encoded mesh saved to gof_0_fr_1_cmapping.drc (9 ms to encode).

Encoded size = 7101 bytes

Decoded geometry saved to gof_0_fr_1_rmapping.obj (2 ms to decode)
/home/wp21/PCC/ricardj/gitdmc/tmd_v01/build/Release/dependencies/draco/draco_encoder -i gof_0_fr_1_qbase.obj -o gof_0_fr_1_cbase.drc -qp 11 -qt 10 -qn -1 -qg -1 -cl 10 
Encoder options:
  Compression level = 10
  Positions: Quantization = 11 bits
  Texture coordinates: Quantization = 10 bits

Encoded mesh saved to gof_0_fr_1_cbase.drc (5 ms to encode).

Encoded size = 3552 bytes

/home/wp21/PCC/ricardj/gitdmc/tmd_v01/build/Release/dependencies/draco/draco_decoder -i gof_0_fr_1_cbase.drc -o gof_0_fr_1_rbase.obj
Decoded geometry saved to gof_0_fr_1_rbase.obj (2 ms to decode)
/home/wp21/PCC/ricardj/gitdmc/externaltools/hm-16.21+scm-8.8/bin/TAppEncoderStatic -c /home/wp21/PCC/ricardj/gitdmc/tmd_v01/cfg//hm/ctc-hm-displacements-map-ai-main10.cfg --InputFile=GOF_0_disp_256x160.yuv --InputBitDepth=10 --InputChromaFormat=444 --OutputBitDepth=10 --OutputBitDepthC=10 --FrameRate=30 --FrameSkip=0 --SourceWidth=256 --SourceHeight=160 --FramesToBeEncoded=2 --BitstreamFile=GOF_0_disp.h265 --ReconFile=GOF_0_disp_256x160_rec.yuv --InternalBitDepth=10 --InternalBitDepthC=10 

HM software: Encoder Version [16.21_SCM8.8] (including RExt)[Linux][GCC 8.3.1][64 bit] 


Input          File                    : GOF_0_disp_256x160.yuv
Bitstream      File                    : GOF_0_disp.h265
Reconstruction File                    : GOF_0_disp_256x160_rec.yuv
Real     Format                        : 256x160 30Hz
Internal Format                        : 256x160 30Hz
Sequence PSNR output                   : Linear average only
Sequence MSE output                    : Disabled
Frame MSE output                       : Disabled
Print Clipped PSNR                     : Disabled
MS-SSIM output                         : Disabled
xPSNR calculation                      : Disabled
Cabac-zero-word-padding                : Enabled
Frame/Field                            : Frame based coding
Frame index                            : 0 - 1 (2 frames)
Profile                                : main-RExt (main_444_10)
CU size / depth / total-depth          : 64 / 4 / 4
RQT trans. size (min / max)            : 4 / 32
Max RQT depth inter                    : 1
Max RQT depth intra                    : 1
Min PCM size                           : 8
Motion search range                    : 0
Intra period                           : 1
Decoding refresh type                  : 0
QP                                     : 8
Max dQP signaling depth                : 0
Cb QP Offset                           : 0
Cr QP Offset                           : 0
QP adaptation                          : 0 (range=0)
GOP size                               : 1
Input bit depth                        : (Y:10, C:10)
MSB-extended bit depth                 : (Y:10, C:10)
Internal bit depth                     : (Y:10, C:10)
PCM sample bit depth                   : (Y:10, C:10)
Intra reference smoothing              : Enabled
diff_cu_chroma_qp_offset_depth         : -1
extended_precision_processing_flag     : Disabled
implicit_rdpcm_enabled_flag            : Disabled
explicit_rdpcm_enabled_flag            : Disabled
transform_skip_rotation_enabled_flag   : Disabled
transform_skip_context_enabled_flag    : Disabled
cross_component_prediction_enabled_flag: Disabled
high_precision_offsets_enabled_flag    : Disabled
persistent_rice_adaptation_enabled_flag: Disabled
cabac_bypass_alignment_enabled_flag    : Disabled
Intra block copying                    : Disabled
Adaptive colour transform              : Disabled
Palette mode                           : Disabled
Cost function:                         : Sequence_level_lossless coding
Motion Estimation                      : Diamond search
HashME                                 : 0
RateControl                            : 0
WPMethod                               : 0
Max Num Merge Candidates               : 5

TOOL CFG: IBD:0 HAD:0 RDQ:1 RDQTS:1 RDpenalty:0 LQP:0 SQP:0 ASR:0 MinSearchWindow:8 RestrictMESampling:0 FEN:1 ECU:0 FDM:1 CFM:0 ESD:0 RQT:1 TransformSkip:1 TransformSkipFast:1 TransformSkipLog2MaxSize:2 Slice: M=0 SliceSegment: M=0 CIP:0 SAO:0 PCM:0 TransQuantBypassEnabled: =1WPP:0 WPB:0 PME:2  WaveFrontSynchro:0 WaveFrontSubstreams:1 ScalingList:0 TMVPMode:1 AQpS:0 SignBitHidingFlag:1 RecalQP:0TransQuantBypassInferTUSplit:0 CUNoSplitIntraACT:0  MvResControl:0

Non-environment-variable-controlled macros set as follows: 

                                RExt__DECODER_DEBUG_BIT_STATISTICS =   0
                                      RExt__HIGH_BIT_DEPTH_SUPPORT =   0
                            RExt__HIGH_PRECISION_FORWARD_TRANSFORM =   0
                                        O0043_BEST_EFFORT_DECODING =   0
                                         ME_ENABLE_ROUNDING_OF_MVS =   1

                   Input ChromaFormatIDC =   4:4:4
       Output (internal) ChromaFormatIDC =   4:4:4

POC    0 TId: 0 ( I-SLICE, nQP 8 QP 8 )       6168 bits [Y 999.9900 dB    U 999.9900 dB    V 999.9900 dB] [ET     0 ] [L0 ] [L1 ]
POC    1 TId: 0 ( I-SLICE, nQP 8 QP 8 )       5704 bits [Y 999.9900 dB    U 999.9900 dB    V 999.9900 dB] [ET     0 ] [L0 ] [L1 ]


SUMMARY --------------------------------------------------------
	Total Frames |   Bitrate     Y-PSNR    U-PSNR    V-PSNR    YUV-PSNR  
	        2    a     178.0800  999.9900  999.9900  999.9900  999.9900  


I Slices--------------------------------------------------------
	Total Frames |   Bitrate     Y-PSNR    U-PSNR    V-PSNR    YUV-PSNR  
	        2    i     178.0800  999.9900  999.9900  999.9900  999.9900  


P Slices--------------------------------------------------------
	Total Frames |   Bitrate     Y-PSNR    U-PSNR    V-PSNR    YUV-PSNR  
	        0    p         -nan      -nan      -nan      -nan      -nan  


B Slices--------------------------------------------------------
	Total Frames |   Bitrate     Y-PSNR    U-PSNR    V-PSNR    YUV-PSNR  
	        0    b         -nan      -nan      -nan      -nan      -nan  

RVM: 0.000
Bytes written to file: 1484 (178.080 kbps)

 Total Time:        0.230 sec.
Generating texture maps ..
/home/wp21/PCC/ricardj/gitdmc/externaltools/hdrtools/build/bin/HDRConvert -f /home/wp21/PCC/ricardj/gitdmc/tmd_v01/cfg//hdrconvert/bgr444toyuv420.cfg -p SourceFile="GOF_0_tex_2048x2048_444.bgrp" -p SourceWidth=2048 -p SourceHeight=2048 -p NumberOfFrames=2 -p OutputFile="GOF_0_tex_2048x2048_420_10bit.yuv" -p OutputBitDepthCmp0=10 -p OutputBitDepthCmp1=10 -p OutputBitDepthCmp2=10 -p LogFile=""

Parsing configuration file /home/wp21/PCC/ricardj/gitdmc/tmd_v01/cfg//hdrconvert/bgr444toyuv420.cfg.
Unknown parameter <UseAdaptiveFiltering>
Parsing command line string 'SourceFile=GOF_0_tex_2048x2048_444.bgrp'
Parsing command line string 'SourceWidth=2048'
Parsing command line string 'SourceHeight=2048'
Parsing command line string 'NumberOfFrames=2'
Parsing command line string 'OutputFile=GOF_0_tex_2048x2048_420_10bit.yuv'
Parsing command line string 'OutputBitDepthCmp0=10'
Parsing command line string 'OutputBitDepthCmp1=10'
Parsing command line string 'OutputBitDepthCmp2=10'
Parsing command line string 'LogFile='
================================================================================================================
Source: GOF_0_tex_2048x2048_444.bgrp
W x H:  (2048x2048) 
ColorSpace: RGB (BT.709/Null)
Format: 4:4:4p, PxFmt: BGR (I)
DataType: Fixed, BitDepth: 8, Range: FULL
Fps:  24.000 (24/1)
----------------------------------------------------------------------------------------------------------------
Output: GOF_0_tex_2048x2048_420_10bit.yuv
W x H:  (2048x2048) 
ColorSpace: YCbCr (BT.709/Null)
Format: 4:2:0p, PxFmt: YUV
DataType: Fixed, BitDepth: 10, Range: STANDARD
Fps:  24.000 (24/1)
================================================================================================================
Processing Frame : 0Processing Frame : 1
================================================================================================================
Total of 2 frames processed in   1.010 seconds
Conversion Speed: 1.98fps
/home/wp21/PCC/ricardj/gitdmc/externaltools/hm-16.21+scm-8.8/bin/TAppEncoderStatic -c /home/wp21/PCC/ricardj/gitdmc/tmd_v01/cfg//hm/ctc-hm-texture-ai.cfg --InputFile=GOF_0_tex_2048x2048_420_10bit.yuv --InputBitDepth=10 --InputChromaFormat=420 --OutputBitDepth=10 --OutputBitDepthC=10 --FrameRate=30 --FrameSkip=0 --SourceWidth=2048 --SourceHeight=2048 --FramesToBeEncoded=2 --BitstreamFile=GOF_0_texture.h265 --ReconFile=GOF_0_tex_2048x2048_420_10bit_rec.yuv --InternalBitDepth=10 --InternalBitDepthC=10 --QP=38

HM software: Encoder Version [16.21_SCM8.8] (including RExt)[Linux][GCC 8.3.1][64 bit] 


Input          File                    : GOF_0_tex_2048x2048_420_10bit.yuv
Bitstream      File                    : GOF_0_texture.h265
Reconstruction File                    : GOF_0_tex_2048x2048_420_10bit_rec.yuv
Real     Format                        : 2048x2048 30Hz
Internal Format                        : 2048x2048 30Hz
Sequence PSNR output                   : Linear average only
Sequence MSE output                    : Disabled
Frame MSE output                       : Disabled
Print Clipped PSNR                     : Disabled
MS-SSIM output                         : Disabled
xPSNR calculation                      : Disabled
Cabac-zero-word-padding                : Enabled
Frame/Field                            : Frame based coding
Frame index                            : 0 - 1 (2 frames)
Profile                                : main10
CU size / depth / total-depth          : 64 / 4 / 4
RQT trans. size (min / max)            : 4 / 32
Max RQT depth inter                    : 3
Max RQT depth intra                    : 3
Min PCM size                           : 8
Motion search range                    : 64
Intra period                           : 1
Decoding refresh type                  : 0
QP                                     : 38
Max dQP signaling depth                : 0
Cb QP Offset                           : 0
Cr QP Offset                           : 0
QP adaptation                          : 0 (range=0)
GOP size                               : 1
Input bit depth                        : (Y:10, C:10)
MSB-extended bit depth                 : (Y:10, C:10)
Internal bit depth                     : (Y:10, C:10)
PCM sample bit depth                   : (Y:10, C:10)
Intra reference smoothing              : Enabled
diff_cu_chroma_qp_offset_depth         : -1
extended_precision_processing_flag     : Disabled
implicit_rdpcm_enabled_flag            : Disabled
explicit_rdpcm_enabled_flag            : Disabled
transform_skip_rotation_enabled_flag   : Disabled
transform_skip_context_enabled_flag    : Disabled
cross_component_prediction_enabled_flag: Disabled
high_precision_offsets_enabled_flag    : Disabled
persistent_rice_adaptation_enabled_flag: Disabled
cabac_bypass_alignment_enabled_flag    : Disabled
Intra block copying                    : Disabled
Adaptive colour transform              : Disabled
Palette mode                           : Disabled
log2_sao_offset_scale_luma             : 0
log2_sao_offset_scale_chroma           : 0
Cost function:                         : Lossy coding (default)
Motion Estimation                      : Diamond search
HashME                                 : 0
RateControl                            : 0
WPMethod                               : 0
Max Num Merge Candidates               : 5

TOOL CFG: IBD:0 HAD:1 RDQ:1 RDQTS:1 RDpenalty:0 LQP:0 SQP:0 ASR:0 MinSearchWindow:8 RestrictMESampling:0 FEN:1 ECU:0 FDM:1 CFM:0 ESD:0 RQT:1 TransformSkip:1 TransformSkipFast:1 TransformSkipLog2MaxSize:2 Slice: M=0 SliceSegment: M=0 CIP:0 SAO:1 PCM:0 TransQuantBypassEnabled:0 WPP:0 WPB:0 PME:2  WaveFrontSynchro:0 WaveFrontSubstreams:1 ScalingList:0 TMVPMode:1 AQpS:0 SignBitHidingFlag:1 RecalQP:0TransQuantBypassInferTUSplit:0 CUNoSplitIntraACT:0  MvResControl:0

Non-environment-variable-controlled macros set as follows: 

                                RExt__DECODER_DEBUG_BIT_STATISTICS =   0
                                      RExt__HIGH_BIT_DEPTH_SUPPORT =   0
                            RExt__HIGH_PRECISION_FORWARD_TRANSFORM =   0
                                        O0043_BEST_EFFORT_DECODING =   0
                                         ME_ENABLE_ROUNDING_OF_MVS =   1

                   Input ChromaFormatIDC =   4:2:0
       Output (internal) ChromaFormatIDC =   4:2:0

POC    0 TId: 0 ( I-SLICE, nQP 38 QP 38 )      92584 bits [Y 41.1241 dB    U 46.0503 dB    V 44.5188 dB] [ET    17 ] [L0 ] [L1 ]
POC    1 TId: 0 ( I-SLICE, nQP 38 QP 38 )      90816 bits [Y 41.1372 dB    U 45.9333 dB    V 44.6022 dB] [ET    17 ] [L0 ] [L1 ]


SUMMARY --------------------------------------------------------
	Total Frames |   Bitrate     Y-PSNR    U-PSNR    V-PSNR    YUV-PSNR  
	        2    a    2751.0000   41.1306   45.9918   44.5605   42.1174  


I Slices--------------------------------------------------------
	Total Frames |   Bitrate     Y-PSNR    U-PSNR    V-PSNR    YUV-PSNR  
	        2    i    2751.0000   41.1306   45.9918   44.5605   42.1174  


P Slices--------------------------------------------------------
	Total Frames |   Bitrate     Y-PSNR    U-PSNR    V-PSNR    YUV-PSNR  
	        0    p         -nan      -nan      -nan      -nan      -nan  


B Slices--------------------------------------------------------
	Total Frames |   Bitrate     Y-PSNR    U-PSNR    V-PSNR    YUV-PSNR  
	        0    b         -nan      -nan      -nan      -nan      -nan  

RVM: 0.000
Bytes written to file: 22925 (2751.000 kbps)

 Total Time:       33.250 sec.
/home/wp21/PCC/ricardj/gitdmc/externaltools/hdrtools/build/bin/HDRConvert -f /home/wp21/PCC/ricardj/gitdmc/tmd_v01/cfg//hdrconvert/yuv420tobgr444.cfg -p SourceFile="GOF_0_tex_2048x2048_420_10bit_rec.yuv" -p SourceWidth=2048 -p SourceHeight=2048 -p NumberOfFrames=2 -p OutputFile="GOF_0_tex_2048x2048_444_rec.bgrp" -p SourceBitDepthCmp0=10 -p SourceBitDepthCmp1=10 -p SourceBitDepthCmp2=10 -p LogFile=""

Parsing configuration file /home/wp21/PCC/ricardj/gitdmc/tmd_v01/cfg//hdrconvert/yuv420tobgr444.cfg.
Unknown parameter <UseAdaptiveFiltering>
Parsing command line string 'SourceFile=GOF_0_tex_2048x2048_420_10bit_rec.yuv'
Parsing command line string 'SourceWidth=2048'
Parsing command line string 'SourceHeight=2048'
Parsing command line string 'NumberOfFrames=2'
Parsing command line string 'OutputFile=GOF_0_tex_2048x2048_444_rec.bgrp'
Parsing command line string 'SourceBitDepthCmp0=10'
Parsing command line string 'SourceBitDepthCmp1=10'
Parsing command line string 'SourceBitDepthCmp2=10'
Parsing command line string 'LogFile='
================================================================================================================
Source: GOF_0_tex_2048x2048_420_10bit_rec.yuv
W x H:  (2048x2048) 
ColorSpace: YCbCr (BT.709/Null)
Format: 4:2:0p, PxFmt: YUV
DataType: Fixed, BitDepth: 10, Range: STANDARD
Fps:  24.000 (24/1)
----------------------------------------------------------------------------------------------------------------
Output: GOF_0_tex_2048x2048_444_rec.bgrp
W x H:  (2048x2048) 
ColorSpace: RGB (BT.709/Null)
Format: 4:4:4p, PxFmt: BGR (4)
DataType: Fixed, BitDepth: 8, Range: FULL
Fps:  24.000 (24/1)
================================================================================================================
Processing Frame : 0Processing Frame : 1
================================================================================================================
Total of 2 frames processed in   0.860 seconds
Conversion Speed: 2.33fps


------- Group of frames 0 -----------
GOF frame count 2
GOF face count 150592
GOF vertex count 75939
GOF processing time 56125 s 
GOF meshes bitrate 0.86352 mbps 7196 B 44.1134 bpv
GOF motion bitrate 0 mbps 0 B 0 bpv
GOF displacements bitrate 0.17856 mbps 1488 B 0.156757 bpv
GOF texture bitrate 2.75148 mbps 22929 B 2.41552 bpv
GOF total bitrate 3.7962 mbps 31635 B 3.33267 bpv
---------------------------------------



------- All frames -----------
Sequence frame count 2
Sequence face count 150592
Sequence vertex count 75939
Sequence processing time 56125 s 
Sequence meshes bitrate 0.86352 mbps 7196 B 44.1134 bpv
Sequence motion bitrate 0 mbps 0 B 0 bpv
Sequence displacements bitrate 0.17856 mbps 1488 B 0.156757 bpv
Sequence texture bitrate 2.75148 mbps 22929 B 2.41552 bpv
Sequence total bitrate 3.7962 mbps 31635 B 3.33267 bpv
---------------------------------------

