******************************************************************
** WARNING: --SEIDecodedPictureHash is now disabled by default. **
**          Automatic verification of decoded pictures by a     **
**          decoder requires this option to be enabled.         **
******************************************************************
****************************************************************************
** WARNING: --HadamardME has been disabled due to the enabling of         **
**          --CUTransquantBypassFlagForce                                 **
****************************************************************************
****************************************************************************
** WARNING: --CUNoSplitIntraACT has been disabled                         **
**  due to the disabling of --ColourTransform                             **
****************************************************************************
******************************************************************
** WARNING: --SEIDecodedPictureHash is now disabled by default. **
**          Automatic verification of decoded pictures by a     **
**          decoder requires this option to be enabled.         **
******************************************************************
***************************************************************************
** WARNING: For conforming bitstreams a valid Level value must be set!   **
***************************************************************************
****************************************************************************
** WARNING: --CUNoSplitIntraACT has been disabled                         **
**  due to the disabling of --ColourTransform                             **
****************************************************************************
