MPEG VMESH version 58065ac+dirty
+ Configuration parameters
    fnum      : 0
    input     : "/home/library24/PCC/contents/mpeg_vmesh_cfp_v02/contents/voxelized/levi_voxelized/levi_fr0000_qp12_qt13.obj"
    decimated : "levi_voxelized_r0.03/levi_fr0000_qp12_qt13.obj_decimated.obj"
    mapped    : "levi_voxelized_r0.03/levi_fr0000_qp12_qt13.obj_mapped.obj"
    reference : "levi_voxelized_r0.03/levi_fr0000_qp12_qt13.obj_reference.obj"
    target   : 0.03
    qt       : 13
    cctcount : 8

Loading Mesh...  [done]
Original mesh: 19997V 40040T
 	 bbox = 1066 3 564 2218 3706 1779
 	 texCoord bbox = 6 6 8185 8185
Unifying vertices...  [done] 5 ms
Unified mesh: 19996V 40038T
	 Removed 1 vertices 2 triangles
Simplifying Mesh... 
	 [>                                                                     ] 0 %
	 [=======>                                                              ] 10 %
	 [==============>                                                       ] 20 %
	 [=====================>                                                ] 30 %
	 [============================>                                         ] 40 %
	 [===================================>                                  ] 50 %
	 [==========================================>                           ] 60 %
	 [=================================================>                    ] 70 %
	 [========================================================>             ] 80 %
	 [===============================================================>      ] 90 %
 [done] 531 ms
Decimated mesh: 591V 1201T
Removing duplicated triangles...  [done] 0 ms
Cleaned up mesh: 591V 1178T
	 Removed 23 triangles
Removing small connected components...
	 CC 0 -> 590V 1178T
 [done] 0 ms
Input mesh: 1CC 591V 1178T
Cleaned up mesh: 1CC 590V 1178T	 Removed 0CC 1V 0T
